# JRE version: Java(TM) SE Runtime Environment (8.0_101-b13) (build 1.8.0_101-b13)
# Java VM: Java HotSpot(TM) 64-Bit Server VM (25.101-b13 mixed mode windows-amd64 compressed oops)
Heap:
 PSYoungGen      total 433664K, used 209488K [0x000000076b400000, 0x0000000788f00000, 0x00000007c0000000)
  eden space 418816K, 46% used [0x000000076b400000,0x00000007772917a0,0x0000000784d00000)
  from space 14848K, 96% used [0x0000000788080000,0x0000000788e82a30,0x0000000788f00000)
  to   space 18944K, 0% used [0x0000000786a00000,0x0000000786a00000,0x0000000787c80000)
 ParOldGen       total 212480K, used 27014K [0x00000006c1c00000, 0x00000006ceb80000, 0x000000076b400000)
  object space 212480K, 12% used [0x00000006c1c00000,0x00000006c3661b30,0x00000006ceb80000)
 Metaspace       used 67691K, capacity 71554K, committed 71848K, reserved 1112064K
  class space    used 8914K, capacity 9527K, committed 9648K, reserved 1048576K
GC Heap History (10 events):
Event: 6.005 GC heap before
{Heap before GC invocations=7 (full 2):
 PSYoungGen      total 189952K, used 9343K [0x000000076b400000, 0x000000077f280000, 0x00000007c0000000)
  eden space 179200K, 0% used [0x000000076b400000,0x000000076b400000,0x0000000776300000)
  from space 10752K, 86% used [0x0000000776300000,0x0000000776c1ffa0,0x0000000776d80000)
  to   space 14848K, 0% used [0x000000077e400000,0x000000077e400000,0x000000077f280000)
 ParOldGen       total 116736K, used 13950K [0x00000006c1c00000, 0x00000006c8e00000, 0x000000076b400000)
  object space 116736K, 11% used [0x00000006c1c00000,0x00000006c299fb70,0x00000006c8e00000)
 Metaspace       used 33607K, capacity 35424K, committed 35496K, reserved 1079296K
  class space    used 4384K, capacity 4730K, committed 4784K, reserved 1048576K
Event: 6.102 GC heap after
Heap after GC invocations=7 (full 2):
 PSYoungGen      total 189952K, used 0K [0x000000076b400000, 0x000000077f280000, 0x00000007c0000000)
  eden space 179200K, 0% used [0x000000076b400000,0x000000076b400000,0x0000000776300000)
  from space 10752K, 0% used [0x0000000776300000,0x0000000776300000,0x0000000776d80000)
  to   space 14848K, 0% used [0x000000077e400000,0x000000077e400000,0x000000077f280000)
 ParOldGen       total 158208K, used 14772K [0x00000006c1c00000, 0x00000006cb680000, 0x000000076b400000)
  object space 158208K, 9% used [0x00000006c1c00000,0x00000006c2a6d108,0x00000006cb680000)
 Metaspace       used 33607K, capacity 35424K, committed 35496K, reserved 1079296K
  class space    used 4384K, capacity 4730K, committed 4784K, reserved 1048576K
}
Event: 8.922 GC heap before
{Heap before GC invocations=8 (full 2):
 PSYoungGen      total 189952K, used 179200K [0x000000076b400000, 0x000000077f280000, 0x00000007c0000000)
  eden space 179200K, 100% used [0x000000076b400000,0x0000000776300000,0x0000000776300000)
  from space 10752K, 0% used [0x0000000776300000,0x0000000776300000,0x0000000776d80000)
  to   space 14848K, 0% used [0x000000077e400000,0x000000077e400000,0x000000077f280000)
 ParOldGen       total 158208K, used 14772K [0x00000006c1c00000, 0x00000006cb680000, 0x000000076b400000)
  object space 158208K, 9% used [0x00000006c1c00000,0x00000006c2a6d108,0x00000006cb680000)
 Metaspace       used 50127K, capacity 52194K, committed 52648K, reserved 1095680K
  class space    used 6857K, capacity 7245K, committed 7344K, reserved 1048576K
Event: 8.941 GC heap after
Heap after GC invocations=8 (full 2):
 PSYoungGen      total 304128K, used 14839K [0x000000076b400000, 0x000000077f280000, 0x00000007c0000000)
  eden space 289280K, 0% used [0x000000076b400000,0x000000076b400000,0x000000077ce80000)
  from space 14848K, 99% used [0x000000077e400000,0x000000077f27ddf0,0x000000077f280000)
  to   space 18432K, 0% used [0x000000077ce80000,0x000000077ce80000,0x000000077e080000)
 ParOldGen       total 158208K, used 18067K [0x00000006c1c00000, 0x00000006cb680000, 0x000000076b400000)
  object space 158208K, 11% used [0x00000006c1c00000,0x00000006c2da4e10,0x00000006cb680000)
 Metaspace       used 50127K, capacity 52194K, committed 52648K, reserved 1095680K
  class space    used 6857K, capacity 7245K, committed 7344K, reserved 1048576K
}
Event: 11.352 GC heap before
{Heap before GC invocations=9 (full 2):
 PSYoungGen      total 304128K, used 163276K [0x000000076b400000, 0x000000077f280000, 0x00000007c0000000)
  eden space 289280K, 51% used [0x000000076b400000,0x00000007744f5468,0x000000077ce80000)
  from space 14848K, 99% used [0x000000077e400000,0x000000077f27ddf0,0x000000077f280000)
  to   space 18432K, 0% used [0x000000077ce80000,0x000000077ce80000,0x000000077e080000)
 ParOldGen       total 158208K, used 18067K [0x00000006c1c00000, 0x00000006cb680000, 0x000000076b400000)
  object space 158208K, 11% used [0x00000006c1c00000,0x00000006c2da4e10,0x00000006cb680000)
 Metaspace       used 56189K, capacity 59114K, committed 59160K, reserved 1099776K
  class space    used 7619K, capacity 8105K, committed 8112K, reserved 1048576K
Event: 11.375 GC heap after
Heap after GC invocations=9 (full 2):
 PSYoungGen      total 307712K, used 14551K [0x000000076b400000, 0x0000000789300000, 0x00000007c0000000)
  eden space 289280K, 0% used [0x000000076b400000,0x000000076b400000,0x000000077ce80000)
  from space 18432K, 78% used [0x000000077ce80000,0x000000077dcb5ef0,0x000000077e080000)
  to   space 18944K, 0% used [0x0000000788080000,0x0000000788080000,0x0000000789300000)
 ParOldGen       total 158208K, used 18075K [0x00000006c1c00000, 0x00000006cb680000, 0x000000076b400000)
  object space 158208K, 11% used [0x00000006c1c00000,0x00000006c2da6e10,0x00000006cb680000)
 Metaspace       used 56189K, capacity 59114K, committed 59160K, reserved 1099776K
  class space    used 7619K, capacity 8105K, committed 8112K, reserved 1048576K
}
Event: 11.375 GC heap before
{Heap before GC invocations=10 (full 3):
 PSYoungGen      total 307712K, used 14551K [0x000000076b400000, 0x0000000789300000, 0x00000007c0000000)
  eden space 289280K, 0% used [0x000000076b400000,0x000000076b400000,0x000000077ce80000)
  from space 18432K, 78% used [0x000000077ce80000,0x000000077dcb5ef0,0x000000077e080000)
  to   space 18944K, 0% used [0x0000000788080000,0x0000000788080000,0x0000000789300000)
 ParOldGen       total 158208K, used 18075K [0x00000006c1c00000, 0x00000006cb680000, 0x000000076b400000)
  object space 158208K, 11% used [0x00000006c1c00000,0x00000006c2da6e10,0x00000006cb680000)
 Metaspace       used 56189K, capacity 59114K, committed 59160K, reserved 1099776K
  class space    used 7619K, capacity 8105K, committed 8112K, reserved 1048576K
Event: 11.562 GC heap after
Heap after GC invocations=10 (full 3):
 PSYoungGen      total 307712K, used 0K [0x000000076b400000, 0x0000000789300000, 0x00000007c0000000)
  eden space 289280K, 0% used [0x000000076b400000,0x000000076b400000,0x000000077ce80000)
  from space 18432K, 0% used [0x000000077ce80000,0x000000077ce80000,0x000000077e080000)
  to   space 18944K, 0% used [0x0000000788080000,0x0000000788080000,0x0000000789300000)
 ParOldGen       total 212480K, used 27006K [0x00000006c1c00000, 0x00000006ceb80000, 0x000000076b400000)
  object space 212480K, 12% used [0x00000006c1c00000,0x00000006c365fb30,0x00000006ceb80000)
 Metaspace       used 56189K, capacity 59114K, committed 59160K, reserved 1099776K
  class space    used 7619K, capacity 8105K, committed 8112K, reserved 1048576K
}
Event: 5635.394 GC heap before
{Heap before GC invocations=11 (full 3):
 PSYoungGen      total 307712K, used 289280K [0x000000076b400000, 0x0000000789300000, 0x00000007c0000000)
  eden space 289280K, 100% used [0x000000076b400000,0x000000077ce80000,0x000000077ce80000)
  from space 18432K, 0% used [0x000000077ce80000,0x000000077ce80000,0x000000077e080000)
  to   space 18944K, 0% used [0x0000000788080000,0x0000000788080000,0x0000000789300000)
 ParOldGen       total 212480K, used 27006K [0x00000006c1c00000, 0x00000006ceb80000, 0x000000076b400000)
  object space 212480K, 12% used [0x00000006c1c00000,0x00000006c365fb30,0x00000006ceb80000)
 Metaspace       used 64561K, capacity 68180K, committed 68264K, reserved 1107968K
  class space    used 8811K, capacity 9368K, committed 9392K, reserved 1048576K
Event: 5635.548 GC heap after
Heap after GC invocations=11 (full 3):
 PSYoungGen      total 433664K, used 14346K [0x000000076b400000, 0x0000000788f00000, 0x00000007c0000000)
  eden space 418816K, 0% used [0x000000076b400000,0x000000076b400000,0x0000000784d00000)
  from space 14848K, 96% used [0x0000000788080000,0x0000000788e82a30,0x0000000788f00000)
  to   space 18944K, 0% used [0x0000000786a00000,0x0000000786a00000,0x0000000787c80000)
 ParOldGen       total 212480K, used 27014K [0x00000006c1c00000, 0x00000006ceb80000, 0x000000076b400000)
  object space 212480K, 12% used [0x00000006c1c00000,0x00000006c3661b30,0x00000006ceb80000)
 Metaspace       used 64561K, capacity 68180K, committed 68264K, reserved 1107968K
  class space    used 8811K, capacity 9368K, committed 9392K, reserved 1048576K
}

